[2023-11-2800:02:31] [ INFO ] [User:58] User - buscarPorId: Se encontro el usuario y se convertira a DTO para ser devuelto
[2023-12-0220:13:22] [ INFO ] [User:48] e esta iterando el array de usuarios
[2023-12-0220:13:22] [ INFO ] [User:48] e esta iterando el array de usuarios
[2023-12-0220:13:23] [ INFO ] [User:48] e esta iterando el array de usuarios
[2023-12-0220:13:23] [ INFO ] [User:48] e esta iterando el array de usuarios
[2023-12-0220:13:23] [ INFO ] [User:48] e esta iterando el array de usuarios
[2023-12-0220:24:25] [ INFO ] [User:48] e esta iterando el array de usuarios
[2023-12-0220:24:25] [ INFO ] [User:48] e esta iterando el array de usuarios
[2023-12-0220:24:25] [ INFO ] [User:48] e esta iterando el array de usuarios
[2023-12-0220:24:25] [ INFO ] [User:48] e esta iterando el array de usuarios
[2023-12-0220:24:26] [ INFO ] [User:48] e esta iterando el array de usuarios
[2023-12-0220:24:28] [ INFO ] [User:68] User - actualizar: Se va a actualizar  el usuario
[2023-12-0220:24:28] [ INFO ] [User:38] User - guardar: Se va a guardar el usuario
[2023-12-0220:24:30] [ INFO ] [User:48] e esta iterando el array de usuarios
[2023-12-0220:24:31] [ INFO ] [User:48] e esta iterando el array de usuarios
[2023-12-0220:24:31] [ INFO ] [User:48] e esta iterando el array de usuarios
[2023-12-0220:24:31] [ INFO ] [User:48] e esta iterando el array de usuarios
[2023-12-0220:24:31] [ INFO ] [User:48] e esta iterando el array de usuarios
[2023-12-0220:24:32] [ INFO ] [User:68] User - actualizar: Se va a actualizar  el usuario
[2023-12-0220:24:32] [ INFO ] [User:38] User - guardar: Se va a guardar el usuario
[2023-12-0220:24:35] [ INFO ] [User:48] e esta iterando el array de usuarios
[2023-12-0220:24:35] [ INFO ] [User:48] e esta iterando el array de usuarios
[2023-12-0220:24:35] [ INFO ] [User:48] e esta iterando el array de usuarios
[2023-12-0220:24:35] [ INFO ] [User:48] e esta iterando el array de usuarios
[2023-12-0220:24:35] [ INFO ] [User:48] e esta iterando el array de usuarios
[2023-12-0221:24:16] [ INFO ] [ProductService:152] Se actualiza el producto
[2023-12-0301:19:02] [ INFO ] [User:31] Categoria guardada
[2023-12-0301:35:12] [ INFO ] [User:31] Categoria guardada
[2023-12-0301:35:32] [ INFO ] [User:34] Caracteristica - guardar: Se va a guardar la característica
[2023-12-0301:35:42] [ WARN ] [User:64] Se ha eliminado la característica
[2023-12-0301:36:48] [ INFO ] [User:31] Categoria guardada
[2023-12-0301:43:19] [ WARN ] [User:58] Se ha eliminado la categoria
[2023-12-0301:43:37] [ INFO ] [User:48] e esta iterando el array de usuarios
[2023-12-0301:43:38] [ INFO ] [User:48] e esta iterando el array de usuarios
[2023-12-0301:43:38] [ INFO ] [User:48] e esta iterando el array de usuarios
[2023-12-0301:43:38] [ INFO ] [User:48] e esta iterando el array de usuarios
[2023-12-0301:43:38] [ INFO ] [User:48] e esta iterando el array de usuarios
[2023-12-0301:43:45] [ WARN ] [User:76] User - eliminar: Se ha eliminado el usuario
[2023-12-0301:45:47] [ INFO ] [User:34] Caracteristica - guardar: Se va a guardar la característica
[2023-12-0301:45:53] [ WARN ] [User:64] Se ha eliminado la característica
[2023-12-0302:12:50] [ INFO ] [User:38] User - guardar: Se va a guardar el usuario
[2023-12-0302:12:52] [ INFO ] [User:38] User - guardar: Se va a guardar el usuario
[2023-12-0302:12:52] [ INFO ] [User:38] User - guardar: Se va a guardar el usuario
[2023-12-0302:12:52] [ INFO ] [User:38] User - guardar: Se va a guardar el usuario
[2023-12-0302:12:52] [ INFO ] [User:38] User - guardar: Se va a guardar el usuario
[2023-12-0302:12:53] [ INFO ] [User:38] User - guardar: Se va a guardar el usuario
[2023-12-0302:12:53] [ INFO ] [User:38] User - guardar: Se va a guardar el usuario
[2023-12-0302:12:55] [ INFO ] [User:38] User - guardar: Se va a guardar el usuario
[2023-12-0302:12:56] [ INFO ] [User:38] User - guardar: Se va a guardar el usuario
[2023-12-0302:12:56] [ INFO ] [User:38] User - guardar: Se va a guardar el usuario
[2023-12-0302:13:05] [ INFO ] [User:38] User - guardar: Se va a guardar el usuario
[2023-12-0302:13:46] [ INFO ] [User:38] User - guardar: Se va a guardar el usuario
[2023-12-0302:13:51] [ INFO ] [User:38] User - guardar: Se va a guardar el usuario
[2023-12-0302:14:45] [ INFO ] [User:38] User - guardar: Se va a guardar el usuario
[2023-12-0311:17:21] [ INFO ] [User:31] Categoria guardada
[2023-12-0311:17:37] [ WARN ] [User:58] Se ha eliminado la categoria
[2023-12-0311:17:42] [ WARN ] [User:58] Se ha eliminado la categoria
[2023-12-0311:17:51] [ INFO ] [User:56] Caracteristica - actualizar: Se va a actualizar la característica
[2023-12-0311:17:51] [ INFO ] [User:34] Caracteristica - guardar: Se va a guardar la característica
[2023-12-0311:17:56] [ INFO ] [User:56] Caracteristica - actualizar: Se va a actualizar la característica
[2023-12-0311:17:56] [ INFO ] [User:34] Caracteristica - guardar: Se va a guardar la característica
[2023-12-0311:18:05] [ INFO ] [User:34] Caracteristica - guardar: Se va a guardar la característica
[2023-12-0311:18:13] [ WARN ] [User:64] Se ha eliminado la característica
[2023-12-0312:50:05] [ INFO ] [User:48] e esta iterando el array de usuarios
[2023-12-0312:50:07] [ INFO ] [User:48] e esta iterando el array de usuarios
[2023-12-0312:50:07] [ INFO ] [User:48] e esta iterando el array de usuarios
[2023-12-0312:50:07] [ INFO ] [User:48] e esta iterando el array de usuarios
[2023-12-0313:21:42] [ INFO ] [User:48] e esta iterando el array de usuarios
[2023-12-0313:21:44] [ INFO ] [User:48] e esta iterando el array de usuarios
[2023-12-0313:21:44] [ INFO ] [User:48] e esta iterando el array de usuarios
[2023-12-0313:21:44] [ INFO ] [User:48] e esta iterando el array de usuarios
[2023-12-0313:21:48] [ INFO ] [User:48] e esta iterando el array de usuarios
[2023-12-0313:21:50] [ INFO ] [User:48] e esta iterando el array de usuarios
[2023-12-0313:21:50] [ INFO ] [User:48] e esta iterando el array de usuarios
[2023-12-0313:21:50] [ INFO ] [User:48] e esta iterando el array de usuarios
[2023-12-0313:23:10] [ INFO ] [User:48] e esta iterando el array de usuarios
[2023-12-0313:23:12] [ INFO ] [User:48] e esta iterando el array de usuarios
[2023-12-0313:23:12] [ INFO ] [User:48] e esta iterando el array de usuarios
[2023-12-0313:23:13] [ INFO ] [User:48] e esta iterando el array de usuarios
[2023-12-0313:23:14] [ INFO ] [User:48] e esta iterando el array de usuarios
[2023-12-0313:23:16] [ INFO ] [User:48] e esta iterando el array de usuarios
[2023-12-0313:23:16] [ INFO ] [User:48] e esta iterando el array de usuarios
[2023-12-0313:23:16] [ INFO ] [User:48] e esta iterando el array de usuarios
[2023-12-0313:23:37] [ INFO ] [User:48] e esta iterando el array de usuarios
[2023-12-0313:23:39] [ INFO ] [User:48] e esta iterando el array de usuarios
[2023-12-0313:23:39] [ INFO ] [User:48] e esta iterando el array de usuarios
[2023-12-0313:23:40] [ INFO ] [User:48] e esta iterando el array de usuarios
[2023-12-0313:23:42] [ INFO ] [User:68] User - actualizar: Se va a actualizar  el usuario
[2023-12-0313:23:42] [ INFO ] [User:38] User - guardar: Se va a guardar el usuario
[2023-12-0313:23:45] [ INFO ] [User:48] e esta iterando el array de usuarios
[2023-12-0313:23:47] [ INFO ] [User:48] e esta iterando el array de usuarios
[2023-12-0313:23:47] [ INFO ] [User:48] e esta iterando el array de usuarios
[2023-12-0313:23:47] [ INFO ] [User:48] e esta iterando el array de usuarios
[2023-12-0313:23:54] [ INFO ] [User:68] User - actualizar: Se va a actualizar  el usuario
[2023-12-0313:23:54] [ INFO ] [User:38] User - guardar: Se va a guardar el usuario
[2023-12-0313:23:56] [ INFO ] [User:48] e esta iterando el array de usuarios
[2023-12-0313:23:58] [ INFO ] [User:48] e esta iterando el array de usuarios
[2023-12-0313:23:58] [ INFO ] [User:48] e esta iterando el array de usuarios
[2023-12-0313:23:58] [ INFO ] [User:48] e esta iterando el array de usuarios
[2023-12-0313:24:00] [ INFO ] [User:68] User - actualizar: Se va a actualizar  el usuario
[2023-12-0313:24:00] [ INFO ] [User:38] User - guardar: Se va a guardar el usuario
[2023-12-0313:24:02] [ INFO ] [User:48] e esta iterando el array de usuarios
[2023-12-0313:24:04] [ INFO ] [User:48] e esta iterando el array de usuarios
[2023-12-0313:24:04] [ INFO ] [User:48] e esta iterando el array de usuarios
[2023-12-0313:24:04] [ INFO ] [User:48] e esta iterando el array de usuarios
[2023-12-0313:24:43] [ INFO ] [User:48] e esta iterando el array de usuarios
[2023-12-0313:24:45] [ INFO ] [User:48] e esta iterando el array de usuarios
[2023-12-0313:24:45] [ INFO ] [User:48] e esta iterando el array de usuarios
[2023-12-0313:24:45] [ INFO ] [User:48] e esta iterando el array de usuarios
[2023-12-0313:24:45] [ INFO ] [User:68] User - actualizar: Se va a actualizar  el usuario
[2023-12-0313:24:45] [ INFO ] [User:38] User - guardar: Se va a guardar el usuario
[2023-12-0313:24:48] [ INFO ] [User:48] e esta iterando el array de usuarios
[2023-12-0313:24:50] [ INFO ] [User:48] e esta iterando el array de usuarios
[2023-12-0313:24:50] [ INFO ] [User:48] e esta iterando el array de usuarios
[2023-12-0313:24:50] [ INFO ] [User:48] e esta iterando el array de usuarios
[2023-12-0313:24:53] [ INFO ] [User:68] User - actualizar: Se va a actualizar  el usuario
[2023-12-0313:24:53] [ INFO ] [User:38] User - guardar: Se va a guardar el usuario
[2023-12-0313:24:55] [ INFO ] [User:48] e esta iterando el array de usuarios
[2023-12-0313:24:57] [ INFO ] [User:48] e esta iterando el array de usuarios
[2023-12-0313:24:57] [ INFO ] [User:48] e esta iterando el array de usuarios
[2023-12-0313:24:57] [ INFO ] [User:48] e esta iterando el array de usuarios
[2023-12-0313:25:37] [ INFO ] [User:48] e esta iterando el array de usuarios
[2023-12-0313:25:39] [ INFO ] [User:48] e esta iterando el array de usuarios
[2023-12-0313:25:39] [ INFO ] [User:48] e esta iterando el array de usuarios
[2023-12-0313:25:40] [ INFO ] [User:48] e esta iterando el array de usuarios
[2023-12-0313:27:09] [ INFO ] [User:48] e esta iterando el array de usuarios
[2023-12-0313:27:11] [ INFO ] [User:48] e esta iterando el array de usuarios
[2023-12-0313:27:11] [ INFO ] [User:48] e esta iterando el array de usuarios
[2023-12-0313:27:11] [ INFO ] [User:48] e esta iterando el array de usuarios
[2023-12-0313:27:49] [ INFO ] [User:68] User - actualizar: Se va a actualizar  el usuario
[2023-12-0313:27:49] [ INFO ] [User:38] User - guardar: Se va a guardar el usuario
[2023-12-0313:27:51] [ INFO ] [User:48] e esta iterando el array de usuarios
[2023-12-0313:27:53] [ INFO ] [User:48] e esta iterando el array de usuarios
[2023-12-0313:27:53] [ INFO ] [User:48] e esta iterando el array de usuarios
[2023-12-0313:27:53] [ INFO ] [User:48] e esta iterando el array de usuarios
[2023-12-0313:27:56] [ INFO ] [User:68] User - actualizar: Se va a actualizar  el usuario
[2023-12-0313:27:56] [ INFO ] [User:38] User - guardar: Se va a guardar el usuario
[2023-12-0313:27:58] [ INFO ] [User:48] e esta iterando el array de usuarios
[2023-12-0313:28:00] [ INFO ] [User:48] e esta iterando el array de usuarios
[2023-12-0313:28:00] [ INFO ] [User:48] e esta iterando el array de usuarios
[2023-12-0313:28:01] [ INFO ] [User:48] e esta iterando el array de usuarios
[2023-12-0313:28:14] [ INFO ] [User:48] e esta iterando el array de usuarios
[2023-12-0313:28:16] [ INFO ] [User:48] e esta iterando el array de usuarios
[2023-12-0313:28:16] [ INFO ] [User:48] e esta iterando el array de usuarios
[2023-12-0313:28:16] [ INFO ] [User:48] e esta iterando el array de usuarios
[2023-12-0313:28:17] [ INFO ] [User:48] e esta iterando el array de usuarios
[2023-12-0313:28:19] [ INFO ] [User:48] e esta iterando el array de usuarios
[2023-12-0313:28:19] [ INFO ] [User:48] e esta iterando el array de usuarios
[2023-12-0313:28:20] [ INFO ] [User:48] e esta iterando el array de usuarios
[2023-12-0313:36:01] [ INFO ] [User:48] e esta iterando el array de usuarios
[2023-12-0313:36:03] [ INFO ] [User:48] e esta iterando el array de usuarios
[2023-12-0313:36:03] [ INFO ] [User:48] e esta iterando el array de usuarios
[2023-12-0313:36:03] [ INFO ] [User:48] e esta iterando el array de usuarios
[2023-12-0313:38:12] [ INFO ] [User:48] e esta iterando el array de usuarios
[2023-12-0313:38:14] [ INFO ] [User:48] e esta iterando el array de usuarios
[2023-12-0313:38:14] [ INFO ] [User:48] e esta iterando el array de usuarios
[2023-12-0313:38:15] [ INFO ] [User:48] e esta iterando el array de usuarios
[2023-12-0313:49:46] [ INFO ] [User:42] Se encontro la categoria
[2023-12-0314:03:00] [ INFO ] [User:42] Se encontro la categoria
[2023-12-0315:37:41] [ INFO ] [User:48] e esta iterando el array de usuarios
[2023-12-0315:37:43] [ INFO ] [User:48] e esta iterando el array de usuarios
[2023-12-0315:37:43] [ INFO ] [User:48] e esta iterando el array de usuarios
[2023-12-0315:37:43] [ INFO ] [User:48] e esta iterando el array de usuarios
[2023-12-0315:37:46] [ INFO ] [User:68] User - actualizar: Se va a actualizar  el usuario
[2023-12-0315:37:46] [ INFO ] [User:38] User - guardar: Se va a guardar el usuario
[2023-12-0315:37:49] [ INFO ] [User:48] e esta iterando el array de usuarios
[2023-12-0315:37:51] [ INFO ] [User:48] e esta iterando el array de usuarios
[2023-12-0315:37:51] [ INFO ] [User:48] e esta iterando el array de usuarios
[2023-12-0315:37:51] [ INFO ] [User:48] e esta iterando el array de usuarios
[2023-12-0315:37:53] [ INFO ] [User:68] User - actualizar: Se va a actualizar  el usuario
[2023-12-0315:37:53] [ INFO ] [User:38] User - guardar: Se va a guardar el usuario
[2023-12-0315:37:56] [ INFO ] [User:48] e esta iterando el array de usuarios
[2023-12-0315:37:58] [ INFO ] [User:48] e esta iterando el array de usuarios
[2023-12-0315:37:58] [ INFO ] [User:48] e esta iterando el array de usuarios
[2023-12-0315:37:58] [ INFO ] [User:48] e esta iterando el array de usuarios
[2023-12-0315:38:03] [ INFO ] [User:31] Categoria guardada
[2023-12-0315:40:55] [ WARN ] [ProductService:171] Se ha eliminado el libro
[2023-12-0315:41:13] [ WARN ] [ProductService:171] Se ha eliminado el libro
[2023-12-0315:45:24] [ INFO ] [ProductService:42] Libros - guardar: Se va a guardar el libro
[2023-12-0315:45:24] [ INFO ] [ProductService:42] Libros - guardar: Se va a guardar el libro
[2023-12-0316:11:42] [ INFO ] [ProductService:42] Libros - guardar: Se va a guardar el libro
[2023-12-0316:11:42] [ INFO ] [ProductService:42] Libros - guardar: Se va a guardar el libro
[2023-12-0316:11:45] [ INFO ] [User:42] Se encontro la categoria
[2023-12-0316:11:45] [ INFO ] [ProductService:42] Libros - guardar: Se va a guardar el libro
[2023-12-0316:11:49] [ INFO ] [User:47] Se encontró la característica y se devolverá
[2023-12-0316:11:49] [ INFO ] [ProductService:42] Libros - guardar: Se va a guardar el libro
[2023-12-0316:14:47] [ INFO ] [ProductService:42] Libros - guardar: Se va a guardar el libro
[2023-12-0316:14:51] [ INFO ] [User:47] Se encontró la característica y se devolverá
[2023-12-0316:14:51] [ INFO ] [ProductService:42] Libros - guardar: Se va a guardar el libro
[2023-12-0316:19:50] [ INFO ] [User:31] Categoria guardada
[2023-12-0316:24:19] [ INFO ] [ProductService:42] Libros - guardar: Se va a guardar el libro
[2023-12-0316:26:18] [ INFO ] [ProductService:42] Libros - guardar: Se va a guardar el libro
[2023-12-0316:26:19] [ INFO ] [ProductService:42] Libros - guardar: Se va a guardar el libro
[2023-12-0316:27:57] [ INFO ] [ProductService:42] Libros - guardar: Se va a guardar el libro
[2023-12-0316:33:35] [ INFO ] [ProductService:42] Libros - guardar: Se va a guardar el libro
[2023-12-0316:41:00] [ INFO ] [ProductService:42] Libros - guardar: Se va a guardar el libro
[2023-12-0316:45:13] [ INFO ] [ProductService:42] Libros - guardar: Se va a guardar el libro
[2023-12-0316:45:13] [ INFO ] [ProductService:42] Libros - guardar: Se va a guardar el libro
[2023-12-0316:45:34] [ INFO ] [ProductService:42] Libros - guardar: Se va a guardar el libro
[2023-12-0316:49:28] [ INFO ] [ProductService:42] Libros - guardar: Se va a guardar el libro
[2023-12-0316:57:48] [ INFO ] [ProductService:42] Libros - guardar: Se va a guardar el libro
[2023-12-0317:00:46] [ INFO ] [ProductService:42] Libros - guardar: Se va a guardar el libro
[2023-12-0317:01:47] [ INFO ] [ProductService:42] Libros - guardar: Se va a guardar el libro
[2023-12-0317:02:16] [ INFO ] [User:31] Categoria guardada
[2023-12-0317:04:36] [ INFO ] [User:31] Categoria guardada
[2023-12-0317:06:52] [ INFO ] [ProductService:42] Libros - guardar: Se va a guardar el libro
[2023-12-0317:09:36] [ INFO ] [ProductService:42] Libros - guardar: Se va a guardar el libro
[2023-12-0317:09:37] [ INFO ] [ProductService:42] Libros - guardar: Se va a guardar el libro
[2023-12-0317:25:09] [ INFO ] [ProductService:42] Libros - guardar: Se va a guardar el libro
[2023-12-0317:27:10] [ INFO ] [ProductService:42] Libros - guardar: Se va a guardar el libro
[2023-12-0317:27:10] [ INFO ] [ProductService:42] Libros - guardar: Se va a guardar el libro
[2023-12-0317:27:22] [ INFO ] [ProductService:42] Libros - guardar: Se va a guardar el libro
[2023-12-0317:27:22] [ INFO ] [ProductService:42] Libros - guardar: Se va a guardar el libro
[2023-12-0317:30:25] [ INFO ] [ProductService:42] Libros - guardar: Se va a guardar el libro
[2023-12-0317:38:40] [ INFO ] [ProductService:42] Libros - guardar: Se va a guardar el libro
[2023-12-0317:39:36] [ INFO ] [ProductService:42] Libros - guardar: Se va a guardar el libro
[2023-12-0317:42:22] [ INFO ] [ProductService:42] Libros - guardar: Se va a guardar el libro
[2023-12-0317:53:29] [ INFO ] [ProductService:42] Libros - guardar: Se va a guardar el libro
[2023-12-0317:53:57] [ INFO ] [ProductService:42] Libros - guardar: Se va a guardar el libro
[2023-12-0317:55:28] [ INFO ] [ProductService:42] Libros - guardar: Se va a guardar el libro
[2023-12-0318:11:12] [ INFO ] [ProductService:42] Libros - guardar: Se va a guardar el libro
[2023-12-0318:11:41] [ INFO ] [ProductService:42] Libros - guardar: Se va a guardar el libro
[2023-12-0318:12:53] [ INFO ] [ProductService:42] Libros - guardar: Se va a guardar el libro
[2023-12-0318:13:05] [ INFO ] [ProductService:42] Libros - guardar: Se va a guardar el libro
[2023-12-0318:13:51] [ INFO ] [ProductService:42] Libros - guardar: Se va a guardar el libro
[2023-12-0318:14:07] [ INFO ] [ProductService:42] Libros - guardar: Se va a guardar el libro
[2023-12-0318:17:13] [ INFO ] [ProductService:42] Libros - guardar: Se va a guardar el libro
[2023-12-0318:17:45] [ INFO ] [ProductService:42] Libros - guardar: Se va a guardar el libro
[2023-12-0318:21:29] [ INFO ] [ProductService:42] Libros - guardar: Se va a guardar el libro
[2023-12-0318:23:13] [ INFO ] [ProductService:42] Libros - guardar: Se va a guardar el libro
[2023-12-0318:27:42] [ INFO ] [ProductService:42] Libros - guardar: Se va a guardar el libro
[2023-12-0318:27:43] [ INFO ] [ProductService:42] Libros - guardar: Se va a guardar el libro
[2023-12-0318:29:40] [ INFO ] [ProductService:42] Libros - guardar: Se va a guardar el libro
[2023-12-0318:30:32] [ INFO ] [ProductService:42] Libros - guardar: Se va a guardar el libro
[2023-12-0318:30:44] [ INFO ] [ProductService:42] Libros - guardar: Se va a guardar el libro
[2023-12-0318:31:05] [ INFO ] [ProductService:42] Libros - guardar: Se va a guardar el libro
[2023-12-0318:31:44] [ INFO ] [ProductService:42] Libros - guardar: Se va a guardar el libro
[2023-12-0318:31:44] [ INFO ] [ProductService:42] Libros - guardar: Se va a guardar el libro
[2023-12-0318:35:11] [ INFO ] [ProductService:42] Libros - guardar: Se va a guardar el libro
[2023-12-0318:35:22] [ INFO ] [ProductService:42] Libros - guardar: Se va a guardar el libro
[2023-12-0318:44:55] [ INFO ] [ProductService:42] Libros - guardar: Se va a guardar el libro
[2023-12-0318:46:44] [ INFO ] [ProductService:42] Libros - guardar: Se va a guardar el libro
[2023-12-0318:50:01] [ INFO ] [ProductService:42] Libros - guardar: Se va a guardar el libro
[2023-12-0318:51:46] [ INFO ] [ProductService:42] Libros - guardar: Se va a guardar el libro
[2023-12-0318:52:33] [ INFO ] [ProductService:42] Libros - guardar: Se va a guardar el libro
[2023-12-0318:56:24] [ INFO ] [ProductService:42] Libros - guardar: Se va a guardar el libro
[2023-12-0318:57:53] [ INFO ] [ProductService:42] Libros - guardar: Se va a guardar el libro
[2023-12-0319:02:11] [ INFO ] [ProductService:42] Libros - guardar: Se va a guardar el libro
[2023-12-0319:10:11] [ INFO ] [ProductService:42] Libros - guardar: Se va a guardar el libro
[2023-12-0319:19:59] [ INFO ] [ProductService:42] Libros - guardar: Se va a guardar el libro
[2023-12-0319:28:22] [ INFO ] [ProductService:42] Libros - guardar: Se va a guardar el libro
[2023-12-0319:30:55] [ INFO ] [ProductService:42] Libros - guardar: Se va a guardar el libro
[2023-12-0319:31:05] [ INFO ] [ProductService:42] Libros - guardar: Se va a guardar el libro
[2023-12-0319:32:28] [ INFO ] [ProductService:42] Libros - guardar: Se va a guardar el libro
[2023-12-0319:32:58] [ INFO ] [ProductService:42] Libros - guardar: Se va a guardar el libro
[2023-12-0319:34:36] [ INFO ] [ProductService:42] Libros - guardar: Se va a guardar el libro
[2023-12-0319:35:55] [ INFO ] [ProductService:42] Libros - guardar: Se va a guardar el libro
[2023-12-0319:53:28] [ INFO ] [ProductService:42] Libros - guardar: Se va a guardar el libro
[2023-12-0319:56:10] [ INFO ] [ProductService:42] Libros - guardar: Se va a guardar el libro
[2023-12-0319:58:05] [ INFO ] [ProductService:42] Libros - guardar: Se va a guardar el libro
[2023-12-0320:07:50] [ INFO ] [ProductService:42] Libros - guardar: Se va a guardar el libro
[2023-12-0320:11:07] [ INFO ] [ProductService:42] Libros - guardar: Se va a guardar el libro
[2023-12-0320:11:09] [ INFO ] [ProductService:42] Libros - guardar: Se va a guardar el libro
[2023-12-0320:11:11] [ INFO ] [ProductService:42] Libros - guardar: Se va a guardar el libro
[2023-12-0320:24:50] [ INFO ] [ProductService:42] Libros - guardar: Se va a guardar el libro
[2023-12-0320:25:06] [ INFO ] [ProductService:42] Libros - guardar: Se va a guardar el libro
[2023-12-0320:27:32] [ INFO ] [ProductService:42] Libros - guardar: Se va a guardar el libro
[2023-12-0320:27:43] [ INFO ] [ProductService:42] Libros - guardar: Se va a guardar el libro
[2023-12-0320:28:37] [ INFO ] [ProductService:42] Libros - guardar: Se va a guardar el libro
[2023-12-0320:28:39] [ INFO ] [User:29] Image - guardar: Se va a guardar la imagen
[2023-12-0320:28:40] [ INFO ] [User:29] Image - guardar: Se va a guardar la imagen
[2023-12-0320:28:40] [ INFO ] [User:29] Image - guardar: Se va a guardar la imagen
[2023-12-0320:28:41] [ INFO ] [User:29] Image - guardar: Se va a guardar la imagen
[2023-12-0320:28:41] [ INFO ] [ProductService:42] Libros - guardar: Se va a guardar el libro
[2023-12-0320:31:58] [ INFO ] [ProductService:42] Libros - guardar: Se va a guardar el libro
[2023-12-0320:32:01] [ INFO ] [User:29] Image - guardar: Se va a guardar la imagen
[2023-12-0320:32:01] [ INFO ] [User:29] Image - guardar: Se va a guardar la imagen
[2023-12-0320:32:02] [ INFO ] [User:29] Image - guardar: Se va a guardar la imagen
[2023-12-0320:32:02] [ INFO ] [User:29] Image - guardar: Se va a guardar la imagen
[2023-12-0320:32:03] [ INFO ] [ProductService:42] Libros - guardar: Se va a guardar el libro
[2023-12-0320:42:54] [ INFO ] [ProductService:42] Libros - guardar: Se va a guardar el libro
[2023-12-0320:43:36] [ INFO ] [ProductService:42] Libros - guardar: Se va a guardar el libro
[2023-12-0320:46:42] [ INFO ] [ProductService:42] Libros - guardar: Se va a guardar el libro
[2023-12-0320:46:57] [ INFO ] [ProductService:42] Libros - guardar: Se va a guardar el libro
[2023-12-0320:48:18] [ INFO ] [ProductService:42] Libros - guardar: Se va a guardar el libro
[2023-12-0320:49:13] [ INFO ] [ProductService:42] Libros - guardar: Se va a guardar el libro
[2023-12-0320:50:03] [ INFO ] [ProductService:42] Libros - guardar: Se va a guardar el libro
[2023-12-0320:50:51] [ INFO ] [ProductService:42] Libros - guardar: Se va a guardar el libro
[2023-12-0320:51:07] [ INFO ] [ProductService:42] Libros - guardar: Se va a guardar el libro
[2023-12-0320:51:43] [ INFO ] [ProductService:42] Libros - guardar: Se va a guardar el libro
[2023-12-0320:51:45] [ INFO ] [User:29] Image - guardar: Se va a guardar la imagen
[2023-12-0320:51:45] [ INFO ] [User:29] Image - guardar: Se va a guardar la imagen
[2023-12-0320:51:46] [ INFO ] [User:29] Image - guardar: Se va a guardar la imagen
[2023-12-0320:51:47] [ INFO ] [User:29] Image - guardar: Se va a guardar la imagen
[2023-12-0320:51:47] [ INFO ] [User:29] Image - guardar: Se va a guardar la imagen
[2023-12-0320:51:47] [ INFO ] [ProductService:42] Libros - guardar: Se va a guardar el libro
[2023-12-0321:01:28] [ INFO ] [ProductService:42] Libros - guardar: Se va a guardar el libro
[2023-12-0321:02:04] [ INFO ] [ProductService:42] Libros - guardar: Se va a guardar el libro
[2023-12-0321:03:05] [ INFO ] [ProductService:42] Libros - guardar: Se va a guardar el libro
[2023-12-0321:03:07] [ INFO ] [User:29] Image - guardar: Se va a guardar la imagen
[2023-12-0321:03:08] [ INFO ] [User:29] Image - guardar: Se va a guardar la imagen
[2023-12-0321:03:08] [ INFO ] [User:29] Image - guardar: Se va a guardar la imagen
[2023-12-0321:03:09] [ INFO ] [User:29] Image - guardar: Se va a guardar la imagen
[2023-12-0321:03:10] [ INFO ] [User:29] Image - guardar: Se va a guardar la imagen
[2023-12-0321:03:10] [ INFO ] [ProductService:42] Libros - guardar: Se va a guardar el libro
[2023-12-0321:07:54] [ INFO ] [ProductService:42] Libros - guardar: Se va a guardar el libro
[2023-12-0321:12:24] [ INFO ] [ProductService:42] Libros - guardar: Se va a guardar el libro
[2023-12-0321:15:11] [ INFO ] [ProductService:42] Libros - guardar: Se va a guardar el libro
[2023-12-0321:15:12] [ INFO ] [ProductService:42] Libros - guardar: Se va a guardar el libro
[2023-12-0321:23:49] [ INFO ] [ProductService:42] Libros - guardar: Se va a guardar el libro
[2023-12-0321:25:37] [ INFO ] [ProductService:42] Libros - guardar: Se va a guardar el libro
[2023-12-0321:36:53] [ INFO ] [ProductService:42] Libros - guardar: Se va a guardar el libro
[2023-12-0321:36:56] [ INFO ] [User:29] Image - guardar: Se va a guardar la imagen
[2023-12-0321:36:57] [ INFO ] [User:29] Image - guardar: Se va a guardar la imagen
[2023-12-0321:36:57] [ INFO ] [User:29] Image - guardar: Se va a guardar la imagen
[2023-12-0321:36:58] [ INFO ] [User:29] Image - guardar: Se va a guardar la imagen
[2023-12-0321:36:58] [ INFO ] [ProductService:42] Libros - guardar: Se va a guardar el libro
[2023-12-0321:37:11] [ INFO ] [User:48] e esta iterando el array de usuarios
[2023-12-0321:53:34] [ INFO ] [User:48] e esta iterando el array de usuarios
[2023-12-0321:56:02] [ INFO ] [User:48] e esta iterando el array de usuarios
[2023-12-0410:34:56] [ INFO ] [ProductService:42] Libros - guardar: Se va a guardar el libro
[2023-12-0410:37:40] [ INFO ] [ProductService:42] Libros - guardar: Se va a guardar el libro
[2023-12-0410:38:03] [ INFO ] [ProductService:42] Libros - guardar: Se va a guardar el libro
[2023-12-0410:39:22] [ INFO ] [ProductService:42] Libros - guardar: Se va a guardar el libro
[2023-12-0410:39:22] [ INFO ] [ProductService:42] Libros - guardar: Se va a guardar el libro
[2023-12-0410:39:55] [ INFO ] [ProductService:42] Libros - guardar: Se va a guardar el libro
[2023-12-0410:40:40] [ INFO ] [ProductService:42] Libros - guardar: Se va a guardar el libro
[2023-12-0410:41:19] [ INFO ] [ProductService:42] Libros - guardar: Se va a guardar el libro
[2023-12-0410:41:51] [ INFO ] [ProductService:42] Libros - guardar: Se va a guardar el libro
[2023-12-0410:42:37] [ INFO ] [ProductService:42] Libros - guardar: Se va a guardar el libro
[2023-12-0410:42:41] [ INFO ] [User:29] Image - guardar: Se va a guardar la imagen
[2023-12-0410:42:42] [ INFO ] [User:29] Image - guardar: Se va a guardar la imagen
[2023-12-0410:42:43] [ INFO ] [User:29] Image - guardar: Se va a guardar la imagen
[2023-12-0410:42:43] [ INFO ] [ProductService:42] Libros - guardar: Se va a guardar el libro
[2023-12-0410:48:09] [ INFO ] [ProductService:42] Libros - guardar: Se va a guardar el libro
[2023-12-0410:48:16] [ INFO ] [ProductService:42] Libros - guardar: Se va a guardar el libro
[2023-12-0410:48:33] [ INFO ] [ProductService:42] Libros - guardar: Se va a guardar el libro
[2023-12-0410:48:48] [ INFO ] [ProductService:42] Libros - guardar: Se va a guardar el libro
[2023-12-0410:48:51] [ INFO ] [User:29] Image - guardar: Se va a guardar la imagen
[2023-12-0410:48:51] [ INFO ] [User:29] Image - guardar: Se va a guardar la imagen
[2023-12-0410:48:52] [ INFO ] [User:29] Image - guardar: Se va a guardar la imagen
[2023-12-0410:48:52] [ INFO ] [ProductService:42] Libros - guardar: Se va a guardar el libro
[2023-12-0411:03:23] [ INFO ] [ProductService:42] Libros - guardar: Se va a guardar el libro
[2023-12-0411:09:12] [ INFO ] [ProductService:42] Libros - guardar: Se va a guardar el libro
[2023-12-0417:21:12] [ INFO ] [ProductService:42] Libros - guardar: Se va a guardar el libro
[2023-12-0419:46:34] [ INFO ] [User:34] Caracteristica - guardar: Se va a guardar la característica
[2023-12-0419:47:04] [ INFO ] [ProductService:42] Libros - guardar: Se va a guardar el libro
[2023-12-0419:47:19] [ INFO ] [ProductService:42] Libros - guardar: Se va a guardar el libro
[2023-12-0419:47:19] [ INFO ] [ProductService:42] Libros - guardar: Se va a guardar el libro
[2023-12-0419:47:22] [ INFO ] [User:42] Se encontro la categoria
[2023-12-0419:47:22] [ INFO ] [ProductService:42] Libros - guardar: Se va a guardar el libro
[2023-12-0419:47:26] [ INFO ] [User:47] Se encontró la característica y se devolverá
[2023-12-0419:47:26] [ INFO ] [ProductService:42] Libros - guardar: Se va a guardar el libro
[2023-12-0419:51:53] [ INFO ] [User:48] e esta iterando el array de usuarios
[2023-12-0419:51:53] [ INFO ] [User:48] e esta iterando el array de usuarios
[2023-12-0419:51:55] [ INFO ] [User:68] User - actualizar: Se va a actualizar  el usuario
[2023-12-0419:51:55] [ INFO ] [User:38] User - guardar: Se va a guardar el usuario
[2023-12-0419:51:57] [ INFO ] [User:48] e esta iterando el array de usuarios
[2023-12-0419:51:58] [ INFO ] [User:48] e esta iterando el array de usuarios
[2023-12-0420:34:21] [ INFO ] [ProductService:42] Guardado
[2023-12-0420:43:27] [ INFO ] [ProductService:42] Guardado
[2023-12-0420:45:08] [ INFO ] [ProductService:42] Guardado
[2023-12-0421:15:47] [ INFO ] [ProductService:42] Guardado
[2023-12-0421:19:28] [ INFO ] [ProductService:42] Guardado
[2023-12-0421:24:33] [ INFO ] [ProductService:42] Guardado
[2023-12-0421:24:36] [ INFO ] [User:29] Image - guardar: Se va a guardar la imagen
[2023-12-0421:24:37] [ INFO ] [User:29] Image - guardar: Se va a guardar la imagen
[2023-12-0421:24:38] [ INFO ] [User:29] Image - guardar: Se va a guardar la imagen
[2023-12-0421:24:38] [ INFO ] [User:29] Image - guardar: Se va a guardar la imagen
[2023-12-0421:24:38] [ INFO ] [ProductService:42] Guardado
[2023-12-0421:24:42] [ INFO ] [User:42] Se encontro la categoria
[2023-12-0421:24:42] [ INFO ] [ProductService:42] Guardado
[2023-12-0421:24:45] [ INFO ] [User:47] Se encontró la característica y se devolverá
[2023-12-0421:24:45] [ INFO ] [ProductService:42] Guardado
[2023-12-0421:24:57] [ INFO ] [User:48] e esta iterando el array de usuarios
[2023-12-0421:24:57] [ INFO ] [User:48] e esta iterando el array de usuarios
[2023-12-0421:26:55] [ INFO ] [ProductService:42] Guardado
[2023-12-0421:26:57] [ INFO ] [User:29] Image - guardar: Se va a guardar la imagen
[2023-12-0421:26:57] [ INFO ] [User:29] Image - guardar: Se va a guardar la imagen
[2023-12-0421:26:58] [ INFO ] [User:29] Image - guardar: Se va a guardar la imagen
[2023-12-0421:26:59] [ INFO ] [User:29] Image - guardar: Se va a guardar la imagen
[2023-12-0421:26:59] [ INFO ] [User:29] Image - guardar: Se va a guardar la imagen
[2023-12-0421:26:59] [ INFO ] [ProductService:42] Guardado
[2023-12-0421:29:32] [ INFO ] [ProductService:42] Guardado
[2023-12-0421:29:34] [ INFO ] [User:29] Image - guardar: Se va a guardar la imagen
[2023-12-0421:29:34] [ INFO ] [User:29] Image - guardar: Se va a guardar la imagen
[2023-12-0421:29:35] [ INFO ] [User:29] Image - guardar: Se va a guardar la imagen
[2023-12-0421:29:36] [ INFO ] [User:29] Image - guardar: Se va a guardar la imagen
[2023-12-0421:29:36] [ INFO ] [User:29] Image - guardar: Se va a guardar la imagen
[2023-12-0421:29:37] [ INFO ] [ProductService:42] Guardado
[2023-12-0421:29:40] [ INFO ] [User:42] Se encontro la categoria
[2023-12-0421:29:40] [ INFO ] [ProductService:42] Guardado
[2023-12-0421:29:44] [ INFO ] [User:42] Se encontro la categoria
[2023-12-0421:29:44] [ INFO ] [ProductService:42] Guardado
[2023-12-0421:29:47] [ INFO ] [User:47] Se encontró la característica y se devolverá
[2023-12-0421:29:47] [ INFO ] [ProductService:42] Guardado
[2023-12-0422:18:33] [ INFO ] [User:38] User - guardar: Se va a guardar el usuario
[2023-12-0422:18:39] [ INFO ] [User:38] User - guardar: Se va a guardar el usuario
[2023-12-0515:34:07] [ WARN ] [ProductService:171] Se ha eliminado el libro
[2023-12-0515:34:47] [ WARN ] [ProductService:171] Se ha eliminado el libro
[2023-12-0515:36:11] [ WARN ] [ProductService:171] Se ha eliminado el libro
[2023-12-0515:40:22] [ WARN ] [ProductService:171] Se ha eliminado el libro
[2023-12-0515:42:42] [ WARN ] [ProductService:171] Se ha eliminado el libro
[2023-12-0515:43:05] [ WARN ] [ProductService:171] Se ha eliminado el libro
[2023-12-0515:49:42] [ WARN ] [ProductService:171] Se ha eliminado el libro
[2023-12-0515:49:59] [ WARN ] [ProductService:171] Se ha eliminado el libro
[2023-12-0515:51:44] [ WARN ] [ProductService:171] Se ha eliminado el libro
[2023-12-0515:52:01] [ WARN ] [ProductService:171] Se ha eliminado el libro
[2023-12-0515:52:11] [ INFO ] [User:48] e esta iterando el array de usuarios
[2023-12-0515:52:11] [ INFO ] [User:48] e esta iterando el array de usuarios
[2023-12-0517:15:25] [ INFO ] [User:58] User - buscarPorId: Se encontro el usuario y se convertira a DTO para ser devuelto
[2023-12-0517:15:54] [ INFO ] [User:58] User - buscarPorId: Se encontro el usuario y se convertira a DTO para ser devuelto
[2023-12-0517:19:10] [ INFO ] [User:58] User - buscarPorId: Se encontro el usuario y se convertira a DTO para ser devuelto
[2023-12-0517:22:06] [ INFO ] [Reservation:77] Reserva - buscarPorId: Se encontró la reserva
[2023-12-0517:29:38] [ INFO ] [User:58] User - buscarPorId: Se encontro el usuario y se convertira a DTO para ser devuelto
[2023-12-0517:30:33] [ INFO ] [User:58] User - buscarPorId: Se encontro el usuario y se convertira a DTO para ser devuelto
[2023-12-0517:30:34] [ INFO ] [User:58] User - buscarPorId: Se encontro el usuario y se convertira a DTO para ser devuelto
[2023-12-0517:32:15] [ INFO ] [User:58] User - buscarPorId: Se encontro el usuario y se convertira a DTO para ser devuelto
[2023-12-0517:53:35] [ INFO ] [User:31] Categoria guardada
[2023-12-0517:54:47] [ INFO ] [User:31] Categoria guardada
[2023-12-0517:55:15] [ INFO ] [User:31] Categoria guardada
[2023-12-0517:55:58] [ INFO ] [User:31] Categoria guardada
[2023-12-0517:56:24] [ INFO ] [User:31] Categoria guardada
[2023-12-0518:25:19] [ INFO ] [User:34] Caracteristica - guardar: Se va a guardar la característica
[2023-12-0518:25:32] [ INFO ] [User:34] Caracteristica - guardar: Se va a guardar la característica
[2023-12-0518:25:50] [ INFO ] [User:34] Caracteristica - guardar: Se va a guardar la característica
[2023-12-0518:26:02] [ INFO ] [User:34] Caracteristica - guardar: Se va a guardar la característica
[2023-12-0518:26:21] [ INFO ] [User:34] Caracteristica - guardar: Se va a guardar la característica
[2023-12-0518:26:31] [ INFO ] [User:34] Caracteristica - guardar: Se va a guardar la característica
[2023-12-0518:27:19] [ INFO ] [User:34] Caracteristica - guardar: Se va a guardar la característica
[2023-12-0518:27:25] [ WARN ] [User:64] Se ha eliminado la característica
[2023-12-0518:28:06] [ INFO ] [User:34] Caracteristica - guardar: Se va a guardar la característica
[2023-12-0518:28:20] [ INFO ] [User:34] Caracteristica - guardar: Se va a guardar la característica
[2023-12-0518:30:21] [ INFO ] [User:34] Caracteristica - guardar: Se va a guardar la característica
[2023-12-0518:33:27] [ INFO ] [ProductService:42] Guardado
[2023-12-0518:35:27] [ INFO ] [ProductService:42] Guardado
[2023-12-0518:36:51] [ INFO ] [ProductService:42] Guardado
[2023-12-0518:36:53] [ INFO ] [User:29] Image - guardar: Se va a guardar la imagen
[2023-12-0518:36:53] [ INFO ] [User:29] Image - guardar: Se va a guardar la imagen
[2023-12-0518:36:54] [ INFO ] [User:29] Image - guardar: Se va a guardar la imagen
[2023-12-0518:36:55] [ INFO ] [User:29] Image - guardar: Se va a guardar la imagen
[2023-12-0518:36:55] [ INFO ] [User:29] Image - guardar: Se va a guardar la imagen
[2023-12-0518:36:55] [ INFO ] [ProductService:42] Guardado
[2023-12-0518:36:59] [ INFO ] [User:42] Se encontro la categoria
[2023-12-0518:36:59] [ INFO ] [ProductService:42] Guardado
[2023-12-0518:37:02] [ INFO ] [User:47] Se encontró la característica y se devolverá
[2023-12-0518:37:02] [ INFO ] [ProductService:42] Guardado
[2023-12-0518:37:06] [ INFO ] [User:47] Se encontró la característica y se devolverá
[2023-12-0518:37:06] [ INFO ] [ProductService:42] Guardado
[2023-12-0518:37:10] [ INFO ] [User:47] Se encontró la característica y se devolverá
[2023-12-0518:37:10] [ INFO ] [ProductService:42] Guardado
[2023-12-0518:37:15] [ INFO ] [User:47] Se encontró la característica y se devolverá
[2023-12-0518:37:15] [ INFO ] [ProductService:42] Guardado
[2023-12-0518:37:19] [ INFO ] [User:47] Se encontró la característica y se devolverá
[2023-12-0518:37:19] [ INFO ] [ProductService:42] Guardado
[2023-12-0518:43:12] [ INFO ] [ProductService:42] Guardado
[2023-12-0518:43:14] [ INFO ] [User:29] Image - guardar: Se va a guardar la imagen
[2023-12-0518:43:14] [ INFO ] [User:29] Image - guardar: Se va a guardar la imagen
[2023-12-0518:43:15] [ INFO ] [User:29] Image - guardar: Se va a guardar la imagen
[2023-12-0518:43:16] [ INFO ] [User:29] Image - guardar: Se va a guardar la imagen
[2023-12-0518:43:16] [ INFO ] [User:29] Image - guardar: Se va a guardar la imagen
[2023-12-0518:43:16] [ INFO ] [ProductService:42] Guardado
[2023-12-0518:43:20] [ INFO ] [User:42] Se encontro la categoria
[2023-12-0518:43:20] [ INFO ] [ProductService:42] Guardado
[2023-12-0518:43:23] [ INFO ] [User:47] Se encontró la característica y se devolverá
[2023-12-0518:43:23] [ INFO ] [ProductService:42] Guardado
[2023-12-0518:51:22] [ INFO ] [ProductService:42] Guardado
[2023-12-0518:51:24] [ INFO ] [User:29] Image - guardar: Se va a guardar la imagen
[2023-12-0518:51:24] [ INFO ] [User:29] Image - guardar: Se va a guardar la imagen
[2023-12-0518:51:25] [ INFO ] [User:29] Image - guardar: Se va a guardar la imagen
[2023-12-0518:51:26] [ INFO ] [User:29] Image - guardar: Se va a guardar la imagen
[2023-12-0518:51:26] [ INFO ] [User:29] Image - guardar: Se va a guardar la imagen
[2023-12-0518:51:26] [ INFO ] [ProductService:42] Guardado
[2023-12-0518:51:29] [ INFO ] [User:42] Se encontro la categoria
[2023-12-0518:51:29] [ INFO ] [ProductService:42] Guardado
[2023-12-0518:51:33] [ INFO ] [User:47] Se encontró la característica y se devolverá
[2023-12-0518:51:33] [ INFO ] [ProductService:42] Guardado
[2023-12-0518:57:30] [ INFO ] [ProductService:42] Guardado
[2023-12-0518:57:33] [ INFO ] [User:29] Image - guardar: Se va a guardar la imagen
[2023-12-0518:57:33] [ INFO ] [User:29] Image - guardar: Se va a guardar la imagen
[2023-12-0518:57:34] [ INFO ] [User:29] Image - guardar: Se va a guardar la imagen
[2023-12-0518:57:34] [ INFO ] [User:29] Image - guardar: Se va a guardar la imagen
[2023-12-0518:57:35] [ INFO ] [User:29] Image - guardar: Se va a guardar la imagen
[2023-12-0518:57:35] [ INFO ] [ProductService:42] Guardado
[2023-12-0518:57:38] [ INFO ] [User:42] Se encontro la categoria
[2023-12-0518:57:38] [ INFO ] [ProductService:42] Guardado
[2023-12-0518:57:43] [ INFO ] [User:47] Se encontró la característica y se devolverá
[2023-12-0518:57:43] [ INFO ] [ProductService:42] Guardado
[2023-12-0519:28:21] [ INFO ] [ProductService:42] Guardado
[2023-12-0519:33:24] [ INFO ] [ProductService:42] Guardado
[2023-12-0519:35:07] [ INFO ] [ProductService:42] Guardado
[2023-12-0519:35:11] [ INFO ] [ProductService:42] Guardado
[2023-12-0519:35:58] [ INFO ] [ProductService:42] Guardado
[2023-12-0519:37:19] [ INFO ] [ProductService:42] Guardado
[2023-12-0519:37:21] [ INFO ] [User:29] Image - guardar: Se va a guardar la imagen
[2023-12-0519:37:22] [ INFO ] [User:29] Image - guardar: Se va a guardar la imagen
[2023-12-0519:37:22] [ INFO ] [User:29] Image - guardar: Se va a guardar la imagen
[2023-12-0519:37:23] [ INFO ] [User:29] Image - guardar: Se va a guardar la imagen
[2023-12-0519:37:23] [ INFO ] [User:29] Image - guardar: Se va a guardar la imagen
[2023-12-0519:37:23] [ INFO ] [ProductService:42] Guardado
[2023-12-0520:01:21] [ INFO ] [ProductService:42] Guardado
[2023-12-0520:02:19] [ INFO ] [ProductService:42] Guardado
[2023-12-0520:03:15] [ INFO ] [ProductService:42] Guardado
[2023-12-0520:03:17] [ INFO ] [User:29] Image - guardar: Se va a guardar la imagen
[2023-12-0520:03:18] [ INFO ] [User:29] Image - guardar: Se va a guardar la imagen
[2023-12-0520:03:18] [ INFO ] [User:29] Image - guardar: Se va a guardar la imagen
[2023-12-0520:03:19] [ INFO ] [User:29] Image - guardar: Se va a guardar la imagen
[2023-12-0520:03:19] [ INFO ] [User:29] Image - guardar: Se va a guardar la imagen
[2023-12-0520:03:20] [ INFO ] [ProductService:42] Guardado
[2023-12-0520:07:53] [ INFO ] [ProductService:42] Guardado
[2023-12-0520:07:55] [ INFO ] [User:29] Image - guardar: Se va a guardar la imagen
[2023-12-0520:07:56] [ INFO ] [User:29] Image - guardar: Se va a guardar la imagen
[2023-12-0520:07:56] [ INFO ] [User:29] Image - guardar: Se va a guardar la imagen
[2023-12-0520:07:57] [ INFO ] [User:29] Image - guardar: Se va a guardar la imagen
[2023-12-0520:07:57] [ INFO ] [User:29] Image - guardar: Se va a guardar la imagen
[2023-12-0520:07:58] [ INFO ] [ProductService:42] Guardado
[2023-12-0520:09:46] [ INFO ] [ProductService:42] Guardado
[2023-12-0520:09:48] [ INFO ] [User:29] Image - guardar: Se va a guardar la imagen
[2023-12-0520:09:48] [ INFO ] [User:29] Image - guardar: Se va a guardar la imagen
[2023-12-0520:09:49] [ INFO ] [User:29] Image - guardar: Se va a guardar la imagen
[2023-12-0520:09:49] [ INFO ] [User:29] Image - guardar: Se va a guardar la imagen
[2023-12-0520:09:50] [ INFO ] [User:29] Image - guardar: Se va a guardar la imagen
[2023-12-0520:09:50] [ INFO ] [ProductService:42] Guardado
[2023-12-0520:25:03] [ INFO ] [ProductService:42] Guardado
[2023-12-0520:25:05] [ INFO ] [User:29] Image - guardar: Se va a guardar la imagen
[2023-12-0520:25:06] [ INFO ] [User:29] Image - guardar: Se va a guardar la imagen
[2023-12-0520:25:06] [ INFO ] [User:29] Image - guardar: Se va a guardar la imagen
[2023-12-0520:25:07] [ INFO ] [User:29] Image - guardar: Se va a guardar la imagen
[2023-12-0520:25:07] [ INFO ] [User:29] Image - guardar: Se va a guardar la imagen
[2023-12-0520:25:07] [ INFO ] [ProductService:42] Guardado
[2023-12-0520:31:00] [ INFO ] [ProductService:42] Guardado
[2023-12-0520:31:01] [ INFO ] [User:29] Image - guardar: Se va a guardar la imagen
[2023-12-0520:31:02] [ INFO ] [User:29] Image - guardar: Se va a guardar la imagen
[2023-12-0520:31:02] [ INFO ] [User:29] Image - guardar: Se va a guardar la imagen
[2023-12-0520:31:03] [ INFO ] [User:29] Image - guardar: Se va a guardar la imagen
[2023-12-0520:31:03] [ INFO ] [User:29] Image - guardar: Se va a guardar la imagen
[2023-12-0520:31:04] [ INFO ] [ProductService:42] Guardado
[2023-12-0520:32:36] [ INFO ] [ProductService:42] Guardado
[2023-12-0520:32:38] [ INFO ] [User:29] Image - guardar: Se va a guardar la imagen
[2023-12-0520:32:38] [ INFO ] [User:29] Image - guardar: Se va a guardar la imagen
[2023-12-0520:32:39] [ INFO ] [User:29] Image - guardar: Se va a guardar la imagen
[2023-12-0520:32:40] [ INFO ] [User:29] Image - guardar: Se va a guardar la imagen
[2023-12-0520:32:40] [ INFO ] [User:29] Image - guardar: Se va a guardar la imagen
[2023-12-0520:32:40] [ INFO ] [ProductService:42] Guardado
[2023-12-0520:32:43] [ INFO ] [User:42] Se encontro la categoria
[2023-12-0520:32:43] [ INFO ] [ProductService:42] Guardado
[2023-12-0520:32:47] [ INFO ] [User:47] Se encontró la característica y se devolverá
[2023-12-0520:32:47] [ INFO ] [ProductService:42] Guardado
[2023-12-0521:08:43] [ INFO ] [ProductService:42] Guardado
[2023-12-0521:08:45] [ INFO ] [User:29] Image - guardar: Se va a guardar la imagen
[2023-12-0521:08:45] [ INFO ] [User:29] Image - guardar: Se va a guardar la imagen
[2023-12-0521:08:46] [ INFO ] [User:29] Image - guardar: Se va a guardar la imagen
[2023-12-0521:08:46] [ INFO ] [User:29] Image - guardar: Se va a guardar la imagen
[2023-12-0521:08:47] [ INFO ] [User:29] Image - guardar: Se va a guardar la imagen
[2023-12-0521:08:47] [ INFO ] [ProductService:42] Guardado
[2023-12-0521:28:21] [ INFO ] [ProductService:42] Guardado
[2023-12-0521:28:58] [ INFO ] [ProductService:42] Guardado
[2023-12-0521:29:28] [ INFO ] [ProductService:42] Guardado
[2023-12-0521:30:02] [ INFO ] [ProductService:42] Guardado
[2023-12-0521:31:38] [ INFO ] [ProductService:42] Guardado
[2023-12-0521:32:30] [ INFO ] [ProductService:42] Guardado
[2023-12-0521:32:33] [ INFO ] [User:29] Image - guardar: Se va a guardar la imagen
[2023-12-0521:32:33] [ INFO ] [User:29] Image - guardar: Se va a guardar la imagen
[2023-12-0521:32:34] [ INFO ] [User:29] Image - guardar: Se va a guardar la imagen
[2023-12-0521:32:34] [ INFO ] [User:29] Image - guardar: Se va a guardar la imagen
[2023-12-0521:32:35] [ INFO ] [User:29] Image - guardar: Se va a guardar la imagen
[2023-12-0521:32:35] [ INFO ] [ProductService:42] Guardado
[2023-12-0521:38:48] [ INFO ] [ProductService:42] Guardado
[2023-12-0521:38:50] [ INFO ] [User:29] Image - guardar: Se va a guardar la imagen
[2023-12-0521:38:51] [ INFO ] [User:29] Image - guardar: Se va a guardar la imagen
[2023-12-0521:38:51] [ INFO ] [User:29] Image - guardar: Se va a guardar la imagen
[2023-12-0521:38:52] [ INFO ] [User:29] Image - guardar: Se va a guardar la imagen
[2023-12-0521:38:53] [ INFO ] [User:29] Image - guardar: Se va a guardar la imagen
[2023-12-0521:38:53] [ INFO ] [ProductService:42] Guardado
[2023-12-0521:38:59] [ INFO ] [User:48] e esta iterando el array de usuarios
[2023-12-0521:42:19] [ INFO ] [ProductService:42] Guardado
[2023-12-0521:42:21] [ INFO ] [User:29] Image - guardar: Se va a guardar la imagen
[2023-12-0521:42:22] [ INFO ] [User:29] Image - guardar: Se va a guardar la imagen
[2023-12-0521:42:22] [ INFO ] [ProductService:42] Guardado
[2023-12-0521:47:55] [ INFO ] [ProductService:42] Guardado
[2023-12-0521:47:57] [ INFO ] [User:29] Image - guardar: Se va a guardar la imagen
[2023-12-0521:47:58] [ INFO ] [User:29] Image - guardar: Se va a guardar la imagen
[2023-12-0521:47:58] [ INFO ] [User:29] Image - guardar: Se va a guardar la imagen
[2023-12-0521:47:59] [ INFO ] [User:29] Image - guardar: Se va a guardar la imagen
[2023-12-0521:48:00] [ INFO ] [User:29] Image - guardar: Se va a guardar la imagen
[2023-12-0521:48:00] [ INFO ] [ProductService:42] Guardado
[2023-12-0521:48:41] [ INFO ] [ProductService:42] Guardado
[2023-12-0521:50:10] [ INFO ] [ProductService:42] Guardado
[2023-12-0521:50:11] [ INFO ] [User:29] Image - guardar: Se va a guardar la imagen
[2023-12-0521:50:12] [ INFO ] [User:29] Image - guardar: Se va a guardar la imagen
[2023-12-0521:50:12] [ INFO ] [User:29] Image - guardar: Se va a guardar la imagen
[2023-12-0521:50:13] [ INFO ] [User:29] Image - guardar: Se va a guardar la imagen
[2023-12-0521:50:13] [ INFO ] [User:29] Image - guardar: Se va a guardar la imagen
[2023-12-0521:50:14] [ INFO ] [ProductService:42] Guardado
[2023-12-0521:50:52] [ INFO ] [User:48] e esta iterando el array de usuarios
[2023-12-0522:02:43] [ INFO ] [ProductService:42] Guardado
[2023-12-0522:02:45] [ INFO ] [User:29] Image - guardar: Se va a guardar la imagen
[2023-12-0522:02:46] [ INFO ] [User:29] Image - guardar: Se va a guardar la imagen
[2023-12-0522:02:46] [ INFO ] [User:29] Image - guardar: Se va a guardar la imagen
[2023-12-0522:02:47] [ INFO ] [User:29] Image - guardar: Se va a guardar la imagen
[2023-12-0522:02:47] [ INFO ] [User:29] Image - guardar: Se va a guardar la imagen
[2023-12-0522:02:47] [ INFO ] [ProductService:42] Guardado
[2023-12-0522:04:13] [ INFO ] [ProductService:42] Guardado
[2023-12-0522:04:15] [ INFO ] [User:29] Image - guardar: Se va a guardar la imagen
[2023-12-0522:04:15] [ INFO ] [User:29] Image - guardar: Se va a guardar la imagen
[2023-12-0522:04:16] [ INFO ] [User:29] Image - guardar: Se va a guardar la imagen
[2023-12-0522:04:16] [ INFO ] [User:29] Image - guardar: Se va a guardar la imagen
[2023-12-0522:04:17] [ INFO ] [User:29] Image - guardar: Se va a guardar la imagen
[2023-12-0522:04:17] [ INFO ] [ProductService:42] Guardado
[2023-12-0522:06:53] [ INFO ] [ProductService:42] Guardado
[2023-12-0522:07:11] [ INFO ] [ProductService:42] Guardado
[2023-12-0522:07:52] [ INFO ] [ProductService:42] Guardado
[2023-12-0522:07:55] [ INFO ] [User:29] Image - guardar: Se va a guardar la imagen
[2023-12-0522:07:55] [ INFO ] [User:29] Image - guardar: Se va a guardar la imagen
[2023-12-0522:07:56] [ INFO ] [User:29] Image - guardar: Se va a guardar la imagen
[2023-12-0522:07:56] [ INFO ] [User:29] Image - guardar: Se va a guardar la imagen
[2023-12-0522:07:56] [ INFO ] [ProductService:42] Guardado
[2023-12-0522:07:57] [ INFO ] [User:29] Image - guardar: Se va a guardar la imagen
[2023-12-0522:07:57] [ INFO ] [ProductService:42] Guardado
[2023-12-0522:07:58] [ INFO ] [User:29] Image - guardar: Se va a guardar la imagen
[2023-12-0522:07:58] [ INFO ] [User:29] Image - guardar: Se va a guardar la imagen
[2023-12-0522:07:59] [ INFO ] [User:29] Image - guardar: Se va a guardar la imagen
[2023-12-0522:07:59] [ INFO ] [User:29] Image - guardar: Se va a guardar la imagen
[2023-12-0522:08:00] [ INFO ] [User:29] Image - guardar: Se va a guardar la imagen
[2023-12-0522:08:00] [ INFO ] [ProductService:42] Guardado
[2023-12-0522:16:56] [ INFO ] [ProductService:42] Guardado
[2023-12-0522:16:58] [ INFO ] [User:29] Image - guardar: Se va a guardar la imagen
[2023-12-0522:16:59] [ INFO ] [User:29] Image - guardar: Se va a guardar la imagen
[2023-12-0522:17:00] [ INFO ] [User:29] Image - guardar: Se va a guardar la imagen
[2023-12-0522:17:00] [ INFO ] [User:29] Image - guardar: Se va a guardar la imagen
[2023-12-0522:17:01] [ INFO ] [User:29] Image - guardar: Se va a guardar la imagen
[2023-12-0522:17:01] [ INFO ] [ProductService:42] Guardado
[2023-12-0522:29:51] [ INFO ] [ProductService:42] Guardado
[2023-12-0522:29:53] [ INFO ] [User:29] Image - guardar: Se va a guardar la imagen
[2023-12-0522:29:54] [ INFO ] [User:29] Image - guardar: Se va a guardar la imagen
[2023-12-0522:29:55] [ INFO ] [User:29] Image - guardar: Se va a guardar la imagen
[2023-12-0522:29:55] [ INFO ] [User:29] Image - guardar: Se va a guardar la imagen
[2023-12-0522:29:56] [ INFO ] [User:29] Image - guardar: Se va a guardar la imagen
[2023-12-0522:29:56] [ INFO ] [ProductService:42] Guardado
[2023-12-0523:30:37] [ INFO ] [User:58] User - buscarPorId: Se encontro el usuario y se convertira a DTO para ser devuelto
[2023-12-0523:35:45] [ INFO ] [User:58] User - buscarPorId: Se encontro el usuario y se convertira a DTO para ser devuelto
[2023-12-0523:36:48] [ INFO ] [User:58] User - buscarPorId: Se encontro el usuario y se convertira a DTO para ser devuelto
[2023-12-0611:21:58] [ WARN ] [ProductService:171] Se ha eliminado el libro
[2023-12-0611:29:01] [ WARN ] [ProductService:171] Se ha eliminado el libro
[2023-12-0611:40:21] [ WARN ] [ProductService:171] Se ha eliminado el libro
[2023-12-0611:43:31] [ WARN ] [ProductService:171] Se ha eliminado el libro
[2023-12-0611:46:11] [ WARN ] [ProductService:171] Se ha eliminado el libro
[2023-12-0611:51:13] [ INFO ] [User:34] Caracteristica - guardar: Se va a guardar la característica
[2023-12-0611:52:01] [ INFO ] [User:31] Categoria guardada
[2023-12-0612:22:20] [ INFO ] [ProductService:152] Se actualiza el producto
[2023-12-0612:22:20] [ INFO ] [ProductService:42] Guardado
[2023-12-0612:23:59] [ INFO ] [ProductService:152] Se actualiza el producto
[2023-12-0612:23:59] [ INFO ] [ProductService:42] Guardado
[2023-12-0612:24:03] [ INFO ] [User:47] Se encontró la característica y se devolverá
[2023-12-0612:24:03] [ INFO ] [ProductService:42] Guardado
[2023-12-0613:26:38] [ INFO ] [ProductService:152] Se actualiza el producto
[2023-12-0613:26:38] [ INFO ] [ProductService:42] Guardado
[2023-12-0613:26:41] [ INFO ] [ProductService:152] Se actualiza el producto
[2023-12-0613:26:41] [ INFO ] [ProductService:42] Guardado
[2023-12-0613:26:43] [ INFO ] [User:42] Se encontro la categoria
[2023-12-0613:26:43] [ INFO ] [ProductService:42] Guardado
[2023-12-0613:26:45] [ INFO ] [User:42] Se encontro la categoria
[2023-12-0613:26:45] [ INFO ] [ProductService:42] Guardado
[2023-12-0613:26:47] [ INFO ] [User:47] Se encontró la característica y se devolverá
[2023-12-0613:26:47] [ INFO ] [ProductService:42] Guardado
[2023-12-0613:26:48] [ INFO ] [User:47] Se encontró la característica y se devolverá
[2023-12-0613:26:48] [ INFO ] [ProductService:42] Guardado
[2023-12-0613:32:04] [ INFO ] [User:48] e esta iterando el array de usuarios
[2023-12-0613:32:04] [ INFO ] [User:48] e esta iterando el array de usuarios
[2023-12-0613:32:12] [ INFO ] [User:48] e esta iterando el array de usuarios
[2023-12-0613:32:12] [ INFO ] [User:48] e esta iterando el array de usuarios
[2023-12-0613:32:15] [ INFO ] [User:68] User - actualizar: Se va a actualizar  el usuario
[2023-12-0613:32:15] [ INFO ] [User:38] User - guardar: Se va a guardar el usuario
[2023-12-0613:32:17] [ INFO ] [User:48] e esta iterando el array de usuarios
[2023-12-0613:32:17] [ INFO ] [User:48] e esta iterando el array de usuarios
[2023-12-0613:38:13] [ INFO ] [ProductService:152] Se actualiza el producto
[2023-12-0613:38:13] [ INFO ] [ProductService:42] Guardado
[2023-12-0613:38:17] [ INFO ] [User:42] Se encontro la categoria
[2023-12-0613:38:17] [ INFO ] [ProductService:42] Guardado
[2023-12-0613:38:21] [ INFO ] [User:47] Se encontró la característica y se devolverá
[2023-12-0613:38:21] [ INFO ] [ProductService:42] Guardado
[2023-12-0613:43:10] [ INFO ] [ProductService:152] Se actualiza el producto
[2023-12-0613:43:10] [ INFO ] [ProductService:42] Guardado
[2023-12-0613:43:14] [ INFO ] [User:47] Se encontró la característica y se devolverá
[2023-12-0613:43:14] [ INFO ] [ProductService:42] Guardado
[2023-12-0615:25:39] [ INFO ] [ProductService:152] Se actualiza el producto
[2023-12-0615:25:39] [ INFO ] [ProductService:42] Guardado
[2023-12-0615:25:43] [ INFO ] [User:42] Se encontro la categoria
[2023-12-0615:25:43] [ INFO ] [ProductService:42] Guardado
[2023-12-0615:26:25] [ INFO ] [ProductService:152] Se actualiza el producto
[2023-12-0615:26:25] [ INFO ] [ProductService:42] Guardado
[2023-12-0615:26:29] [ INFO ] [User:42] Se encontro la categoria
[2023-12-0615:26:29] [ INFO ] [ProductService:42] Guardado
[2023-12-0615:26:56] [ INFO ] [ProductService:152] Se actualiza el producto
[2023-12-0615:26:56] [ INFO ] [ProductService:42] Guardado
[2023-12-0615:27:00] [ INFO ] [User:42] Se encontro la categoria
[2023-12-0615:27:00] [ INFO ] [ProductService:42] Guardado
[2023-12-0616:25:52] [ INFO ] [ProductService:152] Se actualiza el producto
[2023-12-0616:25:52] [ INFO ] [ProductService:42] Guardado
[2023-12-0616:26:54] [ INFO ] [ProductService:152] Se actualiza el producto
[2023-12-0616:26:54] [ INFO ] [ProductService:42] Guardado
[2023-12-0616:26:59] [ INFO ] [User:42] Se encontro la categoria
[2023-12-0616:26:59] [ INFO ] [ProductService:42] Guardado
[2023-12-0616:27:16] [ INFO ] [ProductService:152] Se actualiza el producto
[2023-12-0616:27:16] [ INFO ] [ProductService:42] Guardado
[2023-12-0616:27:20] [ INFO ] [User:42] Se encontro la categoria
[2023-12-0616:27:20] [ INFO ] [ProductService:42] Guardado
[2023-12-0616:27:24] [ INFO ] [User:47] Se encontró la característica y se devolverá
[2023-12-0616:27:24] [ INFO ] [ProductService:42] Guardado
[2023-12-0617:43:56] [ INFO ] [User:48] e esta iterando el array de usuarios
[2023-12-0617:43:57] [ INFO ] [User:48] e esta iterando el array de usuarios
[2023-12-0617:44:24] [ INFO ] [User:58] User - buscarPorId: Se encontro el usuario y se convertira a DTO para ser devuelto
[2023-12-0617:46:07] [ INFO ] [User:48] e esta iterando el array de usuarios
[2023-12-0617:46:07] [ INFO ] [User:48] e esta iterando el array de usuarios
[2023-12-0617:47:15] [ INFO ] [ProductService:42] Guardado
[2023-12-0617:47:17] [ INFO ] [User:29] Image - guardar: Se va a guardar la imagen
[2023-12-0617:47:18] [ INFO ] [User:29] Image - guardar: Se va a guardar la imagen
[2023-12-0617:47:19] [ INFO ] [User:29] Image - guardar: Se va a guardar la imagen
[2023-12-0617:47:19] [ INFO ] [User:29] Image - guardar: Se va a guardar la imagen
[2023-12-0617:47:20] [ INFO ] [User:29] Image - guardar: Se va a guardar la imagen
[2023-12-0617:47:20] [ INFO ] [ProductService:42] Guardado
[2023-12-0617:47:23] [ INFO ] [User:42] Se encontro la categoria
[2023-12-0617:47:23] [ INFO ] [ProductService:42] Guardado
[2023-12-0617:47:27] [ INFO ] [User:47] Se encontró la característica y se devolverá
[2023-12-0617:47:27] [ INFO ] [ProductService:42] Guardado
[2023-12-0618:12:06] [ INFO ] [User:48] e esta iterando el array de usuarios
[2023-12-0618:12:06] [ INFO ] [User:48] e esta iterando el array de usuarios
[2023-12-0618:12:06] [ INFO ] [User:48] e esta iterando el array de usuarios
[2023-12-0618:12:08] [ INFO ] [User:68] User - actualizar: Se va a actualizar  el usuario
[2023-12-0618:12:08] [ INFO ] [User:38] User - guardar: Se va a guardar el usuario
[2023-12-0618:12:10] [ INFO ] [User:48] e esta iterando el array de usuarios
[2023-12-0618:12:11] [ INFO ] [User:48] e esta iterando el array de usuarios
[2023-12-0618:12:11] [ INFO ] [User:48] e esta iterando el array de usuarios
[2023-12-0618:13:37] [ INFO ] [User:48] e esta iterando el array de usuarios
[2023-12-0618:13:37] [ INFO ] [User:48] e esta iterando el array de usuarios
[2023-12-0618:13:37] [ INFO ] [User:48] e esta iterando el array de usuarios
[2023-12-0618:13:37] [ INFO ] [User:48] e esta iterando el array de usuarios
[2023-12-0618:13:38] [ INFO ] [User:68] User - actualizar: Se va a actualizar  el usuario
[2023-12-0618:13:38] [ INFO ] [User:38] User - guardar: Se va a guardar el usuario
[2023-12-0618:13:41] [ INFO ] [User:48] e esta iterando el array de usuarios
[2023-12-0618:13:41] [ INFO ] [User:48] e esta iterando el array de usuarios
[2023-12-0618:13:41] [ INFO ] [User:48] e esta iterando el array de usuarios
[2023-12-0618:13:41] [ INFO ] [User:48] e esta iterando el array de usuarios
[2023-12-0618:14:56] [ INFO ] [User:48] e esta iterando el array de usuarios
[2023-12-0618:14:56] [ INFO ] [User:48] e esta iterando el array de usuarios
[2023-12-0618:14:56] [ INFO ] [User:48] e esta iterando el array de usuarios
[2023-12-0618:14:56] [ INFO ] [User:48] e esta iterando el array de usuarios
[2023-12-0618:34:34] [ INFO ] [User:31] Categoria guardada
[2023-12-0618:34:56] [ INFO ] [User:31] Categoria guardada
[2023-12-0618:35:21] [ INFO ] [User:31] Categoria guardada
[2023-12-0618:35:43] [ INFO ] [User:31] Categoria guardada
[2023-12-0618:47:20] [ INFO ] [User:48] e esta iterando el array de usuarios
[2023-12-0618:47:20] [ INFO ] [User:48] e esta iterando el array de usuarios
[2023-12-0618:47:20] [ INFO ] [User:48] e esta iterando el array de usuarios
[2023-12-0618:47:20] [ INFO ] [User:48] e esta iterando el array de usuarios
[2023-12-0618:55:09] [ WARN ] [ProductService:171] Se ha eliminado el libro
[2023-12-0619:08:36] [ WARN ] [ProductService:170] Se ha eliminado el libro
[2023-12-0619:11:35] [ WARN ] [ProductService:170] Se ha eliminado el libro
[2023-12-0619:11:44] [ WARN ] [ProductService:170] Se ha eliminado el libro
[2023-12-0619:13:06] [ WARN ] [ProductService:170] Se ha eliminado el libro
[2023-12-0619:13:14] [ WARN ] [ProductService:170] Se ha eliminado el libro
[2023-12-0619:20:30] [ INFO ] [User:48] e esta iterando el array de usuarios
[2023-12-0619:20:30] [ INFO ] [User:48] e esta iterando el array de usuarios
[2023-12-0620:09:58] [ INFO ] [ProductService:42] Guardado
[2023-12-0620:10:00] [ INFO ] [User:29] Image - guardar: Se va a guardar la imagen
[2023-12-0620:10:00] [ INFO ] [ProductService:42] Guardado
[2023-12-0620:10:03] [ INFO ] [User:42] Se encontro la categoria
[2023-12-0620:10:03] [ INFO ] [ProductService:42] Guardado
[2023-12-0620:10:07] [ INFO ] [User:47] Se encontró la característica y se devolverá
[2023-12-0620:10:07] [ INFO ] [ProductService:42] Guardado
[2023-12-0620:10:33] [ INFO ] [ProductService:42] Guardado
[2023-12-0620:10:34] [ INFO ] [User:29] Image - guardar: Se va a guardar la imagen
[2023-12-0620:10:35] [ INFO ] [User:29] Image - guardar: Se va a guardar la imagen
[2023-12-0620:10:35] [ INFO ] [User:29] Image - guardar: Se va a guardar la imagen
[2023-12-0620:10:36] [ INFO ] [User:29] Image - guardar: Se va a guardar la imagen
[2023-12-0620:10:37] [ INFO ] [User:29] Image - guardar: Se va a guardar la imagen
[2023-12-0620:10:37] [ INFO ] [ProductService:42] Guardado
[2023-12-0620:10:40] [ INFO ] [User:42] Se encontro la categoria
[2023-12-0620:10:40] [ INFO ] [ProductService:42] Guardado
[2023-12-0620:10:43] [ INFO ] [User:47] Se encontró la característica y se devolverá
[2023-12-0620:10:43] [ INFO ] [ProductService:42] Guardado
[2023-12-0620:18:17] [ INFO ] [User:48] e esta iterando el array de usuarios
[2023-12-0620:18:18] [ INFO ] [User:48] e esta iterando el array de usuarios
[2023-12-0620:18:26] [ INFO ] [User:48] e esta iterando el array de usuarios
[2023-12-0620:18:26] [ INFO ] [User:48] e esta iterando el array de usuarios
[2023-12-0620:24:25] [ INFO ] [User:58] User - buscarPorId: Se encontro el usuario y se convertira a DTO para ser devuelto
[2023-12-0620:34:35] [ INFO ] [User:48] e esta iterando el array de usuarios
[2023-12-0620:34:35] [ INFO ] [User:48] e esta iterando el array de usuarios
[2023-12-0620:36:46] [ INFO ] [ProductService:42] Guardado
[2023-12-0620:37:13] [ INFO ] [ProductService:42] Guardado
[2023-12-0620:37:29] [ INFO ] [ProductService:42] Guardado
[2023-12-0620:37:31] [ INFO ] [User:29] Image - guardar: Se va a guardar la imagen
[2023-12-0620:37:32] [ INFO ] [User:29] Image - guardar: Se va a guardar la imagen
[2023-12-0620:37:32] [ INFO ] [User:29] Image - guardar: Se va a guardar la imagen
[2023-12-0620:37:33] [ INFO ] [User:29] Image - guardar: Se va a guardar la imagen
[2023-12-0620:37:33] [ INFO ] [ProductService:42] Guardado
[2023-12-0622:05:40] [ INFO ] [User:48] e esta iterando el array de usuarios
[2023-12-0622:05:40] [ INFO ] [User:48] e esta iterando el array de usuarios
[2023-12-0710:13:35] [ INFO ] [User:48] e esta iterando el array de usuarios
[2023-12-0710:13:36] [ INFO ] [User:48] e esta iterando el array de usuarios
[2023-12-0710:13:36] [ INFO ] [User:48] e esta iterando el array de usuarios
[2023-12-0710:13:36] [ INFO ] [User:48] e esta iterando el array de usuarios
[2023-12-0710:13:36] [ INFO ] [User:48] e esta iterando el array de usuarios
[2023-12-0710:13:36] [ INFO ] [User:48] e esta iterando el array de usuarios
[2023-12-0710:13:36] [ INFO ] [User:48] e esta iterando el array de usuarios
[2023-12-0710:13:47] [ WARN ] [User:76] User - eliminar: Se ha eliminado el usuario
[2023-12-0710:13:55] [ WARN ] [ProductService:170] Se ha eliminado el libro
[2023-12-0710:16:09] [ INFO ] [User:38] User - guardar: Se va a guardar el usuario
[2023-12-0710:17:19] [ INFO ] [User:38] User - guardar: Se va a guardar el usuario
[2023-12-0710:19:30] [ INFO ] [User:38] User - guardar: Se va a guardar el usuario
[2023-12-0710:47:28] [ INFO ] [User:38] User - guardar: Se va a guardar el usuario
[2023-12-0710:48:46] [ INFO ] [User:38] User - guardar: Se va a guardar el usuario
[2023-12-0710:50:15] [ INFO ] [User:58] User - buscarPorId: Se encontro el usuario y se convertira a DTO para ser devuelto
[2023-12-0717:43:57] [ WARN ] [ProductService:170] Se ha elimino
[2023-12-0717:44:11] [ WARN ] [User:58] Se ha eliminado la categoria
[2023-12-0717:59:14] [ WARN ] [User:58] Se ha eliminado la categoria
[2023-12-0718:01:21] [ INFO ] [User:48] e esta iterando el array de usuarios
[2023-12-0718:01:23] [ INFO ] [User:48] e esta iterando el array de usuarios
[2023-12-0718:01:23] [ INFO ] [User:48] e esta iterando el array de usuarios
[2023-12-0718:01:24] [ INFO ] [User:48] e esta iterando el array de usuarios
[2023-12-0718:01:24] [ INFO ] [User:48] e esta iterando el array de usuarios
[2023-12-0718:01:24] [ INFO ] [User:48] e esta iterando el array de usuarios
[2023-12-0718:01:25] [ INFO ] [User:48] e esta iterando el array de usuarios
[2023-12-0718:09:31] [ INFO ] [User:48] e esta iterando el array de usuarios
[2023-12-0718:09:34] [ INFO ] [User:48] e esta iterando el array de usuarios
[2023-12-0718:09:34] [ INFO ] [User:48] e esta iterando el array de usuarios
[2023-12-0718:09:34] [ INFO ] [User:48] e esta iterando el array de usuarios
[2023-12-0718:09:34] [ INFO ] [User:48] e esta iterando el array de usuarios
[2023-12-0718:09:35] [ INFO ] [User:48] e esta iterando el array de usuarios
[2023-12-0718:09:36] [ INFO ] [User:48] e esta iterando el array de usuarios
[2023-12-0718:09:54] [ INFO ] [User:34] Caracteristica - guardar: Se va a guardar la característica
[2023-12-0718:10:46] [ INFO ] [User:34] Caracteristica - guardar: Se va a guardar la característica
[2023-12-0718:11:06] [ INFO ] [User:34] Caracteristica - guardar: Se va a guardar la característica
[2023-12-0718:11:37] [ INFO ] [User:34] Caracteristica - guardar: Se va a guardar la característica
[2023-12-0718:12:18] [ INFO ] [User:34] Caracteristica - guardar: Se va a guardar la característica
[2023-12-0718:17:36] [ INFO ] [User:48] e esta iterando el array de usuarios
[2023-12-0718:17:39] [ INFO ] [User:48] e esta iterando el array de usuarios
[2023-12-0718:17:39] [ INFO ] [User:48] e esta iterando el array de usuarios
[2023-12-0718:17:39] [ INFO ] [User:48] e esta iterando el array de usuarios
[2023-12-0718:17:39] [ INFO ] [User:48] e esta iterando el array de usuarios
[2023-12-0718:17:40] [ INFO ] [User:48] e esta iterando el array de usuarios
[2023-12-0718:17:41] [ INFO ] [User:48] e esta iterando el array de usuarios
[2023-12-0718:26:32] [ INFO ] [ProductService:152] Se actualiza el producto
[2023-12-0718:26:32] [ INFO ] [ProductService:42] Guardado
[2023-12-0718:26:37] [ INFO ] [User:42] Se encontro la categoria
[2023-12-0718:26:37] [ INFO ] [ProductService:42] Guardado
[2023-12-0718:26:40] [ INFO ] [User:42] Se encontro la categoria
[2023-12-0718:26:40] [ INFO ] [ProductService:42] Guardado
[2023-12-0718:26:44] [ INFO ] [User:47] Se encontró la característica y se devolverá
[2023-12-0718:26:44] [ INFO ] [ProductService:42] Guardado
[2023-12-0718:26:48] [ INFO ] [User:47] Se encontró la característica y se devolverá
[2023-12-0718:26:48] [ INFO ] [ProductService:42] Guardado
[2023-12-0718:27:10] [ INFO ] [ProductService:152] Se actualiza el producto
[2023-12-0718:27:10] [ INFO ] [ProductService:42] Guardado
[2023-12-0718:27:14] [ INFO ] [User:42] Se encontro la categoria
[2023-12-0718:27:14] [ INFO ] [ProductService:42] Guardado
[2023-12-0718:27:18] [ INFO ] [User:47] Se encontró la característica y se devolverá
[2023-12-0718:27:18] [ INFO ] [ProductService:42] Guardado
[2023-12-0718:29:00] [ INFO ] [User:38] User - guardar: Se va a guardar el usuario
[2023-12-0718:29:10] [ INFO ] [User:38] User - guardar: Se va a guardar el usuario
